c:\users\nate\desktop\bonestructure_and_animation\fbx_convert_prog_labcode\fbx_convert_prog\x64\debug\vc141.pdb
c:\users\nate\desktop\bonestructure_and_animation\fbx_convert_prog_labcode\fbx_convert_prog\x64\debug\vc141.idb
c:\users\nate\desktop\bonestructure_and_animation\fbx_convert_prog_labcode\fbx_convert_prog\x64\debug\glad.obj
c:\users\nate\desktop\bonestructure_and_animation\fbx_convert_prog_labcode\fbx_convert_prog\x64\debug\windowmanager.obj
c:\users\nate\desktop\bonestructure_and_animation\fbx_convert_prog_labcode\fbx_convert_prog\x64\debug\shape.obj
c:\users\nate\desktop\bonestructure_and_animation\fbx_convert_prog_labcode\fbx_convert_prog\x64\debug\program.obj
c:\users\nate\desktop\bonestructure_and_animation\fbx_convert_prog_labcode\fbx_convert_prog\x64\debug\matrixstack.obj
c:\users\nate\desktop\bonestructure_and_animation\fbx_convert_prog_labcode\fbx_convert_prog\x64\debug\main.obj
c:\users\nate\desktop\bonestructure_and_animation\fbx_convert_prog_labcode\fbx_convert_prog\x64\debug\line.obj
c:\users\nate\desktop\bonestructure_and_animation\fbx_convert_prog_labcode\fbx_convert_prog\x64\debug\glsl.obj
c:\users\nate\desktop\bonestructure_and_animation\fbx_convert_prog_labcode\fbx_convert_prog\x64\debug\fbx_convert.obj
c:\users\nate\desktop\animation\fbx_convert_prog_labcode (1)\fbx_convert_prog_labcode\fbx_convert_prog\x64\debug\vc141.pdb
c:\users\nate\desktop\animation\fbx_convert_prog_labcode (1)\fbx_convert_prog_labcode\fbx_convert_prog\x64\debug\vc141.idb
c:\users\nate\desktop\animation\fbx_convert_prog_labcode (1)\fbx_convert_prog_labcode\fbx_convert_prog\x64\debug\glad.obj
c:\users\nate\desktop\animation\fbx_convert_prog_labcode (1)\fbx_convert_prog_labcode\fbx_convert_prog\x64\debug\windowmanager.obj
c:\users\nate\desktop\animation\fbx_convert_prog_labcode (1)\fbx_convert_prog_labcode\fbx_convert_prog\x64\debug\shape.obj
c:\users\nate\desktop\animation\fbx_convert_prog_labcode (1)\fbx_convert_prog_labcode\fbx_convert_prog\x64\debug\program.obj
c:\users\nate\desktop\animation\fbx_convert_prog_labcode (1)\fbx_convert_prog_labcode\fbx_convert_prog\x64\debug\matrixstack.obj
c:\users\nate\desktop\animation\fbx_convert_prog_labcode (1)\fbx_convert_prog_labcode\fbx_convert_prog\x64\debug\main.obj
c:\users\nate\desktop\animation\fbx_convert_prog_labcode (1)\fbx_convert_prog_labcode\fbx_convert_prog\x64\debug\line.obj
c:\users\nate\desktop\animation\fbx_convert_prog_labcode (1)\fbx_convert_prog_labcode\fbx_convert_prog\x64\debug\glsl.obj
c:\users\nate\desktop\animation\fbx_convert_prog_labcode (1)\fbx_convert_prog_labcode\fbx_convert_prog\x64\debug\fbx_convert.obj
c:\users\nate\desktop\animation\fbx_convert_prog_labcode (1)\fbx_convert_prog_labcode\x64\debug\fbx_convert_prog.pdb
c:\users\nate\desktop\animation\fbx_convert_prog_labcode (1)\fbx_convert_prog_labcode\fbx_convert_prog\x64\debug\fbx_convert_prog.tlog\cl.command.1.tlog
c:\users\nate\desktop\animation\fbx_convert_prog_labcode (1)\fbx_convert_prog_labcode\fbx_convert_prog\x64\debug\fbx_convert_prog.tlog\cl.read.1.tlog
c:\users\nate\desktop\animation\fbx_convert_prog_labcode (1)\fbx_convert_prog_labcode\fbx_convert_prog\x64\debug\fbx_convert_prog.tlog\cl.write.1.tlog
c:\users\nate\desktop\animation\fbx_convert_prog_labcode (1)\fbx_convert_prog_labcode\fbx_convert_prog\x64\debug\fbx_convert_prog.tlog\link-cvtres.read.1.tlog
c:\users\nate\desktop\animation\fbx_convert_prog_labcode (1)\fbx_convert_prog_labcode\fbx_convert_prog\x64\debug\fbx_convert_prog.tlog\link-cvtres.write.1.tlog
c:\users\nate\desktop\animation\fbx_convert_prog_labcode (1)\fbx_convert_prog_labcode\fbx_convert_prog\x64\debug\fbx_convert_prog.tlog\link-rc.read.1.tlog
c:\users\nate\desktop\animation\fbx_convert_prog_labcode (1)\fbx_convert_prog_labcode\fbx_convert_prog\x64\debug\fbx_convert_prog.tlog\link-rc.write.1.tlog
c:\users\nate\desktop\animation\fbx_convert_prog_labcode (1)\fbx_convert_prog_labcode\fbx_convert_prog\x64\debug\fbx_convert_prog.tlog\link.command.1.tlog
c:\users\nate\desktop\animation\fbx_convert_prog_labcode (1)\fbx_convert_prog_labcode\fbx_convert_prog\x64\debug\fbx_convert_prog.tlog\link.read.1.tlog
c:\users\nate\desktop\animation\fbx_convert_prog_labcode (1)\fbx_convert_prog_labcode\fbx_convert_prog\x64\debug\fbx_convert_prog.tlog\link.write.1.tlog
