  main.cpp
c:\users\nate\desktop\animation\fbx_convert_prog_labcode (1)\fbx_convert_prog_labcode\fbx_convert_prog\bone.h(47): warning C4018: '<': signed/unsigned mismatch
c:\users\nate\desktop\animation\fbx_convert_prog_labcode (1)\fbx_convert_prog_labcode\fbx_convert_prog\bone.h(50): warning C4018: '>': signed/unsigned mismatch
c:\users\nate\desktop\animation\fbx_convert_prog_labcode (1)\fbx_convert_prog_labcode\fbx_convert_prog\bone.h(68): warning C4018: '<': signed/unsigned mismatch
c:\users\nate\desktop\animation\fbx_convert_prog_labcode (1)\fbx_convert_prog_labcode\fbx_convert_prog\bone.h(84): warning C4018: '<': signed/unsigned mismatch
c:\users\nate\desktop\animation\fbx_convert_prog_labcode (1)\fbx_convert_prog_labcode\fbx_convert_prog\bone.h(90): warning C4018: '<': signed/unsigned mismatch
c:\users\nate\desktop\animation\fbx_convert_prog_labcode (1)\fbx_convert_prog_labcode\fbx_convert_prog\bone.h(97): warning C4018: '<': signed/unsigned mismatch
c:\users\nate\desktop\animation\fbx_convert_prog_labcode (1)\fbx_convert_prog_labcode\fbx_convert_prog\main.cpp(33): warning C4305: '+=': truncation from 'double' to 'float'
c:\users\nate\desktop\animation\fbx_convert_prog_labcode (1)\fbx_convert_prog_labcode\fbx_convert_prog\main.cpp(53): warning C4244: 'argument': conversion from 'double' to 'float', possible loss of data
c:\users\nate\desktop\animation\fbx_convert_prog_labcode (1)\fbx_convert_prog_labcode\fbx_convert_prog\main.cpp(54): warning C4244: 'argument': conversion from 'double' to 'float', possible loss of data
c:\users\nate\desktop\animation\fbx_convert_prog_labcode (1)\fbx_convert_prog_labcode\fbx_convert_prog\main.cpp(55): warning C4244: 'argument': conversion from 'double' to 'float', possible loss of data
c:\users\nate\desktop\animation\fbx_convert_prog_labcode (1)\fbx_convert_prog_labcode\fbx_convert_prog\main.cpp(125): warning C4244: '=': conversion from 'double' to 'float', possible loss of data
c:\users\nate\desktop\animation\fbx_convert_prog_labcode (1)\fbx_convert_prog_labcode\fbx_convert_prog\main.cpp(129): warning C4244: '=': conversion from 'double' to 'float', possible loss of data
c:\users\nate\desktop\animation\fbx_convert_prog_labcode (1)\fbx_convert_prog_labcode\fbx_convert_prog\main.cpp(133): warning C4244: '=': conversion from 'double' to 'float', possible loss of data
c:\users\nate\desktop\animation\fbx_convert_prog_labcode (1)\fbx_convert_prog_labcode\fbx_convert_prog\main.cpp(135): warning C4244: '=': conversion from 'double' to 'float', possible loss of data
c:\users\nate\desktop\animation\fbx_convert_prog_labcode (1)\fbx_convert_prog_labcode\fbx_convert_prog\main.cpp(328): warning C4996: 'strcpy': This function or variable may be unsafe. Consider using strcpy_s instead. To disable deprecation, use _CRT_SECURE_NO_WARNINGS. See online help for details.
  c:\program files (x86)\windows kits\10\include\10.0.16299.0\ucrt\string.h(132): note: see declaration of 'strcpy'
c:\users\nate\desktop\animation\fbx_convert_prog_labcode (1)\fbx_convert_prog_labcode\fbx_convert_prog\main.cpp(341): warning C4996: 'strcpy': This function or variable may be unsafe. Consider using strcpy_s instead. To disable deprecation, use _CRT_SECURE_NO_WARNINGS. See online help for details.
  c:\program files (x86)\windows kits\10\include\10.0.16299.0\ucrt\string.h(132): note: see declaration of 'strcpy'
c:\users\nate\desktop\animation\fbx_convert_prog_labcode (1)\fbx_convert_prog_labcode\fbx_convert_prog\main.cpp(489): warning C4305: 'initializing': truncation from 'double' to 'float'
c:\users\nate\desktop\animation\fbx_convert_prog_labcode (1)\fbx_convert_prog_labcode\fbx_convert_prog\main.cpp(512): warning C4305: '=': truncation from 'double' to 'float'
  fbx_convert_prog.vcxproj -> C:\Users\Nate\Desktop\animation\fbx_convert_prog_labcode (1)\fbx_convert_prog_labcode\Debug\fbx_convert_prog.exe
